<?xml version="1.0" encoding="ISO-8859-1"?>
<configuration xmlns:xsi="http://www.w3.org/2001/XMLSchema-instance"
  xsi:schemaLocation="http://www.exoplatform.org/xml/ns/kernel_1_2.xsd http://www.exoplatform.org/xml/ns/kernel_1_2.xsd"
  xmlns="http://www.exoplatform.org/xml/ns/kernel_1_2.xsd">

  <!-- <component> <key>org.exoplatform.services.organization.OrganizationService</key> 
    <type>org.exoplatform.services.jcr.ext.organization.JCROrganizationServiceImpl</type> 
    <init-params> <value-param> <name>storage-workspace</name> <description>Workspace 
    in default repository where organization storage will be created</description> 
    <value>collaboration</value> </value-param> <value-param> <name>trash-workspace</name> 
    <description>Workspace in default repository where organization storage will 
    be created</description> <value>TrashWorkspace</value> </value-param> </init-params> 
    </component> -->
  <component>
    <type>org.exoplatform.groovyscript.text.TemplateStatisticService</type>
    <init-params>
      <value-param>
        <name>name</name>
        <value>false</value>
      </value-param>
    </init-params>
  </component>
  <component>
    <type>org.exoplatform.groovyscript.text.TemplateService</type>
  </component>
      
  <component>
    <key>org.exoplatform.webui.ext.UIExtensionManager</key>
    <type>org.exoplatform.webui.ext.impl.UIExtensionManagerImpl</type>
  </component>
  
  <import>classpath:/conf/standalone/wcm/test-taxonomies-configuration.xml</import>
  <import>classpath:/conf/standalone/wcm/test-dms-actions-configuration.xml</import>
  <import>classpath:/conf/standalone/wcm/test-templates-configuration.xml</import>
  <import>classpath:/conf/standalone/wcm/test-wcmcontentinitialize-configuration.xml</import>
  <import>classpath:/conf/standalone/wcm/test-drives-configuration.xml</import>
  <import>classpath:/conf/standalone/wcm/test-metadata-configuration.xml</import>
  <import>classpath:/conf/standalone/wcm/test-folksonomy-configuration.xml</import>
  <import>classpath:/conf/standalone/wcm/cms-configuration.xml</import>
  <import>classpath:/conf/standalone/wcm/test-queries-configuration.xml</import>
  <import>classpath:/conf/standalone/wcm/test-dms-views-configuration.xml</import>
  <import>classpath:/conf/standalone/wcm/test-scripts-configuration.xml</import>
  <import>classpath:/conf/standalone/wcm/jcr-component-plugins-configuration.xml</import>
  <import>classpath:/conf/standalone/wcm/dms-document-type-configuration.xml</import>
  <import>classpath:/conf/standalone/wcm/document-autoversioning.xml</import>
  <import>classpath:/conf/standalone/wcm/test-configuration.xml</import>
</configuration>
